mode: set
github.com/ibreakthecloud/traintkt/cmd/client/client.go:13.13,15.16 2 0
github.com/ibreakthecloud/traintkt/cmd/client/client.go:15.16,17.3 1 0
github.com/ibreakthecloud/traintkt/cmd/client/client.go:18.2,35.16 6 0
github.com/ibreakthecloud/traintkt/cmd/client/client.go:35.16,37.3 1 0
github.com/ibreakthecloud/traintkt/cmd/client/client.go:38.2,42.16 3 0
github.com/ibreakthecloud/traintkt/cmd/client/client.go:42.16,44.3 1 0
github.com/ibreakthecloud/traintkt/cmd/client/client.go:45.2,49.16 3 0
github.com/ibreakthecloud/traintkt/cmd/client/client.go:49.16,51.3 1 0
github.com/ibreakthecloud/traintkt/cmd/client/client.go:52.2,56.16 3 0
github.com/ibreakthecloud/traintkt/cmd/client/client.go:56.16,58.3 1 0
github.com/ibreakthecloud/traintkt/cmd/client/client.go:59.2,63.16 3 0
github.com/ibreakthecloud/traintkt/cmd/client/client.go:63.16,65.3 1 0
github.com/ibreakthecloud/traintkt/cmd/client/client.go:66.2,66.52 1 0
github.com/ibreakthecloud/traintkt/pkg/store/inmemory/inmemory.go:9.22,16.2 1 0
github.com/ibreakthecloud/traintkt/pkg/store/inmemory/inmemory.go:18.52,23.2 3 0
github.com/ibreakthecloud/traintkt/pkg/store/inmemory/inmemory.go:25.60,30.2 3 0
github.com/ibreakthecloud/traintkt/pkg/store/inmemory/inmemory.go:32.54,37.2 3 0
github.com/ibreakthecloud/traintkt/pkg/store/inmemory/inmemory.go:39.90,42.42 2 0
github.com/ibreakthecloud/traintkt/pkg/store/inmemory/inmemory.go:42.42,43.79 1 0
github.com/ibreakthecloud/traintkt/pkg/store/inmemory/inmemory.go:43.79,48.4 1 0
github.com/ibreakthecloud/traintkt/pkg/store/inmemory/inmemory.go:51.2,51.66 1 0
github.com/ibreakthecloud/traintkt/pkg/store/inmemory/inmemory.go:54.54,57.2 2 0
github.com/ibreakthecloud/traintkt/pkg/store/inmemory/inmemory.go:59.69,68.2 5 0
github.com/ibreakthecloud/traintkt/pkg/store/inmemory/inmemory.go:70.44,76.2 3 0
github.com/ibreakthecloud/traintkt/pkg/store/inmemory/inmemory.go:78.45,83.2 3 0
github.com/ibreakthecloud/traintkt/pkg/store/inmemory/inmemory.go:85.53,90.35 4 0
github.com/ibreakthecloud/traintkt/pkg/store/inmemory/inmemory.go:90.35,91.33 1 0
github.com/ibreakthecloud/traintkt/pkg/store/inmemory/inmemory.go:91.33,94.17 3 0
github.com/ibreakthecloud/traintkt/pkg/store/inmemory/inmemory.go:94.17,96.5 1 0
github.com/ibreakthecloud/traintkt/pkg/store/inmemory/inmemory.go:99.2,99.11 1 0
github.com/ibreakthecloud/traintkt/cmd/server/server.go:13.13,15.16 2 0
github.com/ibreakthecloud/traintkt/cmd/server/server.go:15.16,17.3 1 0
github.com/ibreakthecloud/traintkt/cmd/server/server.go:21.2,28.37 5 0
github.com/ibreakthecloud/traintkt/cmd/server/server.go:28.37,30.3 1 0
github.com/ibreakthecloud/traintkt/pkg/proto/ticket.pb.go:33.24,35.29 2 0
github.com/ibreakthecloud/traintkt/pkg/proto/ticket.pb.go:35.29,39.3 3 0
github.com/ibreakthecloud/traintkt/pkg/proto/ticket.pb.go:42.32,44.2 1 0
github.com/ibreakthecloud/traintkt/pkg/proto/ticket.pb.go:46.30,46.31 0 0
github.com/ibreakthecloud/traintkt/pkg/proto/ticket.pb.go:48.52,50.41 2 0
github.com/ibreakthecloud/traintkt/pkg/proto/ticket.pb.go:50.41,52.34 2 0
github.com/ibreakthecloud/traintkt/pkg/proto/ticket.pb.go:52.34,54.4 1 0
github.com/ibreakthecloud/traintkt/pkg/proto/ticket.pb.go:55.3,55.12 1 0
github.com/ibreakthecloud/traintkt/pkg/proto/ticket.pb.go:57.2,57.24 1 0
github.com/ibreakthecloud/traintkt/pkg/proto/ticket.pb.go:61.43,63.2 1 0
github.com/ibreakthecloud/traintkt/pkg/proto/ticket.pb.go:65.38,66.14 1 0
github.com/ibreakthecloud/traintkt/pkg/proto/ticket.pb.go:66.14,68.3 1 0
github.com/ibreakthecloud/traintkt/pkg/proto/ticket.pb.go:69.2,69.11 1 0
github.com/ibreakthecloud/traintkt/pkg/proto/ticket.pb.go:72.37,73.14 1 0
github.com/ibreakthecloud/traintkt/pkg/proto/ticket.pb.go:73.14,75.3 1 0
github.com/ibreakthecloud/traintkt/pkg/proto/ticket.pb.go:76.2,76.11 1 0
github.com/ibreakthecloud/traintkt/pkg/proto/ticket.pb.go:79.34,80.14 1 0
github.com/ibreakthecloud/traintkt/pkg/proto/ticket.pb.go:80.14,82.3 1 0
github.com/ibreakthecloud/traintkt/pkg/proto/ticket.pb.go:83.2,83.11 1 0
github.com/ibreakthecloud/traintkt/pkg/proto/ticket.pb.go:97.41,99.29 2 0
github.com/ibreakthecloud/traintkt/pkg/proto/ticket.pb.go:99.29,103.3 3 0
github.com/ibreakthecloud/traintkt/pkg/proto/ticket.pb.go:106.49,108.2 1 0
github.com/ibreakthecloud/traintkt/pkg/proto/ticket.pb.go:110.47,110.48 0 0
github.com/ibreakthecloud/traintkt/pkg/proto/ticket.pb.go:112.69,114.41 2 0
github.com/ibreakthecloud/traintkt/pkg/proto/ticket.pb.go:114.41,116.34 2 0
github.com/ibreakthecloud/traintkt/pkg/proto/ticket.pb.go:116.34,118.4 1 0
github.com/ibreakthecloud/traintkt/pkg/proto/ticket.pb.go:119.3,119.12 1 0
github.com/ibreakthecloud/traintkt/pkg/proto/ticket.pb.go:121.2,121.24 1 0
github.com/ibreakthecloud/traintkt/pkg/proto/ticket.pb.go:125.60,127.2 1 0
github.com/ibreakthecloud/traintkt/pkg/proto/ticket.pb.go:129.50,130.14 1 0
github.com/ibreakthecloud/traintkt/pkg/proto/ticket.pb.go:130.14,132.3 1 0
github.com/ibreakthecloud/traintkt/pkg/proto/ticket.pb.go:133.2,133.11 1 0
github.com/ibreakthecloud/traintkt/pkg/proto/ticket.pb.go:136.48,137.14 1 0
github.com/ibreakthecloud/traintkt/pkg/proto/ticket.pb.go:137.14,139.3 1 0
github.com/ibreakthecloud/traintkt/pkg/proto/ticket.pb.go:140.2,140.11 1 0
github.com/ibreakthecloud/traintkt/pkg/proto/ticket.pb.go:143.49,144.14 1 0
github.com/ibreakthecloud/traintkt/pkg/proto/ticket.pb.go:144.14,146.3 1 0
github.com/ibreakthecloud/traintkt/pkg/proto/ticket.pb.go:147.2,147.12 1 0
github.com/ibreakthecloud/traintkt/pkg/proto/ticket.pb.go:150.52,151.14 1 0
github.com/ibreakthecloud/traintkt/pkg/proto/ticket.pb.go:151.14,153.3 1 0
github.com/ibreakthecloud/traintkt/pkg/proto/ticket.pb.go:154.2,154.10 1 0
github.com/ibreakthecloud/traintkt/pkg/proto/ticket.pb.go:170.27,172.29 2 0
github.com/ibreakthecloud/traintkt/pkg/proto/ticket.pb.go:172.29,176.3 3 0
github.com/ibreakthecloud/traintkt/pkg/proto/ticket.pb.go:179.35,181.2 1 0
github.com/ibreakthecloud/traintkt/pkg/proto/ticket.pb.go:183.33,183.34 0 0
github.com/ibreakthecloud/traintkt/pkg/proto/ticket.pb.go:185.55,187.41 2 0
github.com/ibreakthecloud/traintkt/pkg/proto/ticket.pb.go:187.41,189.34 2 0
github.com/ibreakthecloud/traintkt/pkg/proto/ticket.pb.go:189.34,191.4 1 0
github.com/ibreakthecloud/traintkt/pkg/proto/ticket.pb.go:192.3,192.12 1 0
github.com/ibreakthecloud/traintkt/pkg/proto/ticket.pb.go:194.2,194.24 1 0
github.com/ibreakthecloud/traintkt/pkg/proto/ticket.pb.go:198.46,200.2 1 0
github.com/ibreakthecloud/traintkt/pkg/proto/ticket.pb.go:202.34,203.14 1 0
github.com/ibreakthecloud/traintkt/pkg/proto/ticket.pb.go:203.14,205.3 1 0
github.com/ibreakthecloud/traintkt/pkg/proto/ticket.pb.go:206.2,206.11 1 0
github.com/ibreakthecloud/traintkt/pkg/proto/ticket.pb.go:209.36,210.14 1 0
github.com/ibreakthecloud/traintkt/pkg/proto/ticket.pb.go:210.14,212.3 1 0
github.com/ibreakthecloud/traintkt/pkg/proto/ticket.pb.go:213.2,213.11 1 0
github.com/ibreakthecloud/traintkt/pkg/proto/ticket.pb.go:216.34,217.14 1 0
github.com/ibreakthecloud/traintkt/pkg/proto/ticket.pb.go:217.14,219.3 1 0
github.com/ibreakthecloud/traintkt/pkg/proto/ticket.pb.go:220.2,220.11 1 0
github.com/ibreakthecloud/traintkt/pkg/proto/ticket.pb.go:223.35,224.14 1 0
github.com/ibreakthecloud/traintkt/pkg/proto/ticket.pb.go:224.14,226.3 1 0
github.com/ibreakthecloud/traintkt/pkg/proto/ticket.pb.go:227.2,227.12 1 0
github.com/ibreakthecloud/traintkt/pkg/proto/ticket.pb.go:230.38,231.14 1 0
github.com/ibreakthecloud/traintkt/pkg/proto/ticket.pb.go:231.14,233.3 1 0
github.com/ibreakthecloud/traintkt/pkg/proto/ticket.pb.go:234.2,234.10 1 0
github.com/ibreakthecloud/traintkt/pkg/proto/ticket.pb.go:237.36,238.14 1 0
github.com/ibreakthecloud/traintkt/pkg/proto/ticket.pb.go:238.14,240.3 1 0
github.com/ibreakthecloud/traintkt/pkg/proto/ticket.pb.go:241.2,241.11 1 0
github.com/ibreakthecloud/traintkt/pkg/proto/ticket.pb.go:252.37,254.29 2 0
github.com/ibreakthecloud/traintkt/pkg/proto/ticket.pb.go:254.29,258.3 3 0
github.com/ibreakthecloud/traintkt/pkg/proto/ticket.pb.go:261.45,263.2 1 0
github.com/ibreakthecloud/traintkt/pkg/proto/ticket.pb.go:265.43,265.44 0 0
github.com/ibreakthecloud/traintkt/pkg/proto/ticket.pb.go:267.65,269.41 2 0
github.com/ibreakthecloud/traintkt/pkg/proto/ticket.pb.go:269.41,271.34 2 0
github.com/ibreakthecloud/traintkt/pkg/proto/ticket.pb.go:271.34,273.4 1 0
github.com/ibreakthecloud/traintkt/pkg/proto/ticket.pb.go:274.3,274.12 1 0
github.com/ibreakthecloud/traintkt/pkg/proto/ticket.pb.go:276.2,276.24 1 0
github.com/ibreakthecloud/traintkt/pkg/proto/ticket.pb.go:280.56,282.2 1 0
github.com/ibreakthecloud/traintkt/pkg/proto/ticket.pb.go:284.44,285.14 1 0
github.com/ibreakthecloud/traintkt/pkg/proto/ticket.pb.go:285.14,287.3 1 0
github.com/ibreakthecloud/traintkt/pkg/proto/ticket.pb.go:288.2,288.11 1 0
github.com/ibreakthecloud/traintkt/pkg/proto/ticket.pb.go:299.45,301.29 2 0
github.com/ibreakthecloud/traintkt/pkg/proto/ticket.pb.go:301.29,305.3 3 0
github.com/ibreakthecloud/traintkt/pkg/proto/ticket.pb.go:308.53,310.2 1 0
github.com/ibreakthecloud/traintkt/pkg/proto/ticket.pb.go:312.51,312.52 0 0
github.com/ibreakthecloud/traintkt/pkg/proto/ticket.pb.go:314.73,316.41 2 0
github.com/ibreakthecloud/traintkt/pkg/proto/ticket.pb.go:316.41,318.34 2 0
github.com/ibreakthecloud/traintkt/pkg/proto/ticket.pb.go:318.34,320.4 1 0
github.com/ibreakthecloud/traintkt/pkg/proto/ticket.pb.go:321.3,321.12 1 0
github.com/ibreakthecloud/traintkt/pkg/proto/ticket.pb.go:323.2,323.24 1 0
github.com/ibreakthecloud/traintkt/pkg/proto/ticket.pb.go:327.64,329.2 1 0
github.com/ibreakthecloud/traintkt/pkg/proto/ticket.pb.go:331.57,332.14 1 0
github.com/ibreakthecloud/traintkt/pkg/proto/ticket.pb.go:332.14,334.3 1 0
github.com/ibreakthecloud/traintkt/pkg/proto/ticket.pb.go:335.2,335.11 1 0
github.com/ibreakthecloud/traintkt/pkg/proto/ticket.pb.go:346.42,348.29 2 0
github.com/ibreakthecloud/traintkt/pkg/proto/ticket.pb.go:348.29,352.3 3 0
github.com/ibreakthecloud/traintkt/pkg/proto/ticket.pb.go:355.50,357.2 1 0
github.com/ibreakthecloud/traintkt/pkg/proto/ticket.pb.go:359.48,359.49 0 0
github.com/ibreakthecloud/traintkt/pkg/proto/ticket.pb.go:361.70,363.41 2 0
github.com/ibreakthecloud/traintkt/pkg/proto/ticket.pb.go:363.41,365.34 2 0
github.com/ibreakthecloud/traintkt/pkg/proto/ticket.pb.go:365.34,367.4 1 0
github.com/ibreakthecloud/traintkt/pkg/proto/ticket.pb.go:368.3,368.12 1 0
github.com/ibreakthecloud/traintkt/pkg/proto/ticket.pb.go:370.2,370.24 1 0
github.com/ibreakthecloud/traintkt/pkg/proto/ticket.pb.go:374.61,376.2 1 0
github.com/ibreakthecloud/traintkt/pkg/proto/ticket.pb.go:378.69,379.14 1 0
github.com/ibreakthecloud/traintkt/pkg/proto/ticket.pb.go:379.14,381.3 1 0
github.com/ibreakthecloud/traintkt/pkg/proto/ticket.pb.go:382.2,382.12 1 0
github.com/ibreakthecloud/traintkt/pkg/proto/ticket.pb.go:394.34,396.29 2 0
github.com/ibreakthecloud/traintkt/pkg/proto/ticket.pb.go:396.29,400.3 3 0
github.com/ibreakthecloud/traintkt/pkg/proto/ticket.pb.go:403.42,405.2 1 0
github.com/ibreakthecloud/traintkt/pkg/proto/ticket.pb.go:407.40,407.41 0 0
github.com/ibreakthecloud/traintkt/pkg/proto/ticket.pb.go:409.62,411.41 2 0
github.com/ibreakthecloud/traintkt/pkg/proto/ticket.pb.go:411.41,413.34 2 0
github.com/ibreakthecloud/traintkt/pkg/proto/ticket.pb.go:413.34,415.4 1 0
github.com/ibreakthecloud/traintkt/pkg/proto/ticket.pb.go:416.3,416.12 1 0
github.com/ibreakthecloud/traintkt/pkg/proto/ticket.pb.go:418.2,418.24 1 0
github.com/ibreakthecloud/traintkt/pkg/proto/ticket.pb.go:422.53,424.2 1 0
github.com/ibreakthecloud/traintkt/pkg/proto/ticket.pb.go:426.43,427.14 1 0
github.com/ibreakthecloud/traintkt/pkg/proto/ticket.pb.go:427.14,429.3 1 0
github.com/ibreakthecloud/traintkt/pkg/proto/ticket.pb.go:430.2,430.11 1 0
github.com/ibreakthecloud/traintkt/pkg/proto/ticket.pb.go:433.42,434.14 1 0
github.com/ibreakthecloud/traintkt/pkg/proto/ticket.pb.go:434.14,436.3 1 0
github.com/ibreakthecloud/traintkt/pkg/proto/ticket.pb.go:437.2,437.12 1 0
github.com/ibreakthecloud/traintkt/pkg/proto/ticket.pb.go:448.37,450.29 2 0
github.com/ibreakthecloud/traintkt/pkg/proto/ticket.pb.go:450.29,454.3 3 0
github.com/ibreakthecloud/traintkt/pkg/proto/ticket.pb.go:457.45,459.2 1 0
github.com/ibreakthecloud/traintkt/pkg/proto/ticket.pb.go:461.43,461.44 0 0
github.com/ibreakthecloud/traintkt/pkg/proto/ticket.pb.go:463.65,465.41 2 0
github.com/ibreakthecloud/traintkt/pkg/proto/ticket.pb.go:465.41,467.34 2 0
github.com/ibreakthecloud/traintkt/pkg/proto/ticket.pb.go:467.34,469.4 1 0
github.com/ibreakthecloud/traintkt/pkg/proto/ticket.pb.go:470.3,470.12 1 0
github.com/ibreakthecloud/traintkt/pkg/proto/ticket.pb.go:472.2,472.24 1 0
github.com/ibreakthecloud/traintkt/pkg/proto/ticket.pb.go:476.56,478.2 1 0
github.com/ibreakthecloud/traintkt/pkg/proto/ticket.pb.go:480.44,481.14 1 0
github.com/ibreakthecloud/traintkt/pkg/proto/ticket.pb.go:481.14,483.3 1 0
github.com/ibreakthecloud/traintkt/pkg/proto/ticket.pb.go:484.2,484.11 1 0
github.com/ibreakthecloud/traintkt/pkg/proto/ticket.pb.go:495.38,497.29 2 0
github.com/ibreakthecloud/traintkt/pkg/proto/ticket.pb.go:497.29,501.3 3 0
github.com/ibreakthecloud/traintkt/pkg/proto/ticket.pb.go:504.46,506.2 1 0
github.com/ibreakthecloud/traintkt/pkg/proto/ticket.pb.go:508.44,508.45 0 0
github.com/ibreakthecloud/traintkt/pkg/proto/ticket.pb.go:510.66,512.41 2 0
github.com/ibreakthecloud/traintkt/pkg/proto/ticket.pb.go:512.41,514.34 2 0
github.com/ibreakthecloud/traintkt/pkg/proto/ticket.pb.go:514.34,516.4 1 0
github.com/ibreakthecloud/traintkt/pkg/proto/ticket.pb.go:517.3,517.12 1 0
github.com/ibreakthecloud/traintkt/pkg/proto/ticket.pb.go:519.2,519.24 1 0
github.com/ibreakthecloud/traintkt/pkg/proto/ticket.pb.go:523.57,525.2 1 0
github.com/ibreakthecloud/traintkt/pkg/proto/ticket.pb.go:527.48,528.14 1 0
github.com/ibreakthecloud/traintkt/pkg/proto/ticket.pb.go:528.14,530.3 1 0
github.com/ibreakthecloud/traintkt/pkg/proto/ticket.pb.go:531.2,531.14 1 0
github.com/ibreakthecloud/traintkt/pkg/proto/ticket.pb.go:543.37,545.29 2 0
github.com/ibreakthecloud/traintkt/pkg/proto/ticket.pb.go:545.29,549.3 3 0
github.com/ibreakthecloud/traintkt/pkg/proto/ticket.pb.go:552.45,554.2 1 0
github.com/ibreakthecloud/traintkt/pkg/proto/ticket.pb.go:556.43,556.44 0 0
github.com/ibreakthecloud/traintkt/pkg/proto/ticket.pb.go:558.65,560.41 2 0
github.com/ibreakthecloud/traintkt/pkg/proto/ticket.pb.go:560.41,562.34 2 0
github.com/ibreakthecloud/traintkt/pkg/proto/ticket.pb.go:562.34,564.4 1 0
github.com/ibreakthecloud/traintkt/pkg/proto/ticket.pb.go:565.3,565.12 1 0
github.com/ibreakthecloud/traintkt/pkg/proto/ticket.pb.go:567.2,567.24 1 0
github.com/ibreakthecloud/traintkt/pkg/proto/ticket.pb.go:571.56,573.2 1 0
github.com/ibreakthecloud/traintkt/pkg/proto/ticket.pb.go:575.44,576.14 1 0
github.com/ibreakthecloud/traintkt/pkg/proto/ticket.pb.go:576.14,578.3 1 0
github.com/ibreakthecloud/traintkt/pkg/proto/ticket.pb.go:579.2,579.11 1 0
github.com/ibreakthecloud/traintkt/pkg/proto/ticket.pb.go:582.49,583.14 1 0
github.com/ibreakthecloud/traintkt/pkg/proto/ticket.pb.go:583.14,585.3 1 0
github.com/ibreakthecloud/traintkt/pkg/proto/ticket.pb.go:586.2,586.11 1 0
github.com/ibreakthecloud/traintkt/pkg/proto/ticket.pb.go:598.38,600.29 2 0
github.com/ibreakthecloud/traintkt/pkg/proto/ticket.pb.go:600.29,604.3 3 0
github.com/ibreakthecloud/traintkt/pkg/proto/ticket.pb.go:607.46,609.2 1 0
github.com/ibreakthecloud/traintkt/pkg/proto/ticket.pb.go:611.44,611.45 0 0
github.com/ibreakthecloud/traintkt/pkg/proto/ticket.pb.go:613.66,615.41 2 0
github.com/ibreakthecloud/traintkt/pkg/proto/ticket.pb.go:615.41,617.34 2 0
github.com/ibreakthecloud/traintkt/pkg/proto/ticket.pb.go:617.34,619.4 1 0
github.com/ibreakthecloud/traintkt/pkg/proto/ticket.pb.go:620.3,620.12 1 0
github.com/ibreakthecloud/traintkt/pkg/proto/ticket.pb.go:622.2,622.24 1 0
github.com/ibreakthecloud/traintkt/pkg/proto/ticket.pb.go:626.57,628.2 1 0
github.com/ibreakthecloud/traintkt/pkg/proto/ticket.pb.go:630.48,631.14 1 0
github.com/ibreakthecloud/traintkt/pkg/proto/ticket.pb.go:631.14,633.3 1 0
github.com/ibreakthecloud/traintkt/pkg/proto/ticket.pb.go:634.2,634.14 1 0
github.com/ibreakthecloud/traintkt/pkg/proto/ticket.pb.go:637.50,638.14 1 0
github.com/ibreakthecloud/traintkt/pkg/proto/ticket.pb.go:638.14,640.3 1 0
github.com/ibreakthecloud/traintkt/pkg/proto/ticket.pb.go:641.2,641.11 1 0
github.com/ibreakthecloud/traintkt/pkg/proto/ticket.pb.go:739.51,740.48 1 0
github.com/ibreakthecloud/traintkt/pkg/proto/ticket.pb.go:740.48,742.3 1 0
github.com/ibreakthecloud/traintkt/pkg/proto/ticket.pb.go:743.2,743.44 1 0
github.com/ibreakthecloud/traintkt/pkg/proto/ticket.pb.go:782.13,782.47 1 0
github.com/ibreakthecloud/traintkt/pkg/proto/ticket.pb.go:783.37,784.36 1 0
github.com/ibreakthecloud/traintkt/pkg/proto/ticket.pb.go:784.36,786.3 1 0
github.com/ibreakthecloud/traintkt/pkg/proto/ticket.pb.go:787.2,787.30 1 0
github.com/ibreakthecloud/traintkt/pkg/proto/ticket.pb.go:787.30,788.73 1 0
github.com/ibreakthecloud/traintkt/pkg/proto/ticket.pb.go:788.73,789.29 1 0
github.com/ibreakthecloud/traintkt/pkg/proto/ticket.pb.go:790.11,791.20 1 0
github.com/ibreakthecloud/traintkt/pkg/proto/ticket.pb.go:792.11,793.24 1 0
github.com/ibreakthecloud/traintkt/pkg/proto/ticket.pb.go:794.11,795.28 1 0
github.com/ibreakthecloud/traintkt/pkg/proto/ticket.pb.go:796.12,797.15 1 0
github.com/ibreakthecloud/traintkt/pkg/proto/ticket.pb.go:800.3,800.73 1 0
github.com/ibreakthecloud/traintkt/pkg/proto/ticket.pb.go:800.73,801.46 1 0
github.com/ibreakthecloud/traintkt/pkg/proto/ticket.pb.go:802.11,803.20 1 0
github.com/ibreakthecloud/traintkt/pkg/proto/ticket.pb.go:804.11,805.24 1 0
github.com/ibreakthecloud/traintkt/pkg/proto/ticket.pb.go:806.11,807.28 1 0
github.com/ibreakthecloud/traintkt/pkg/proto/ticket.pb.go:808.12,809.15 1 0
github.com/ibreakthecloud/traintkt/pkg/proto/ticket.pb.go:812.3,812.73 1 0
github.com/ibreakthecloud/traintkt/pkg/proto/ticket.pb.go:812.73,813.32 1 0
github.com/ibreakthecloud/traintkt/pkg/proto/ticket.pb.go:814.11,815.20 1 0
github.com/ibreakthecloud/traintkt/pkg/proto/ticket.pb.go:816.11,817.24 1 0
github.com/ibreakthecloud/traintkt/pkg/proto/ticket.pb.go:818.11,819.28 1 0
github.com/ibreakthecloud/traintkt/pkg/proto/ticket.pb.go:820.12,821.15 1 0
github.com/ibreakthecloud/traintkt/pkg/proto/ticket.pb.go:824.3,824.73 1 0
github.com/ibreakthecloud/traintkt/pkg/proto/ticket.pb.go:824.73,825.42 1 0
github.com/ibreakthecloud/traintkt/pkg/proto/ticket.pb.go:826.11,827.20 1 0
github.com/ibreakthecloud/traintkt/pkg/proto/ticket.pb.go:828.11,829.24 1 0
github.com/ibreakthecloud/traintkt/pkg/proto/ticket.pb.go:830.11,831.28 1 0
github.com/ibreakthecloud/traintkt/pkg/proto/ticket.pb.go:832.12,833.15 1 0
github.com/ibreakthecloud/traintkt/pkg/proto/ticket.pb.go:836.3,836.73 1 0
github.com/ibreakthecloud/traintkt/pkg/proto/ticket.pb.go:836.73,837.50 1 0
github.com/ibreakthecloud/traintkt/pkg/proto/ticket.pb.go:838.11,839.20 1 0
github.com/ibreakthecloud/traintkt/pkg/proto/ticket.pb.go:840.11,841.24 1 0
github.com/ibreakthecloud/traintkt/pkg/proto/ticket.pb.go:842.11,843.28 1 0
github.com/ibreakthecloud/traintkt/pkg/proto/ticket.pb.go:844.12,845.15 1 0
github.com/ibreakthecloud/traintkt/pkg/proto/ticket.pb.go:848.3,848.73 1 0
github.com/ibreakthecloud/traintkt/pkg/proto/ticket.pb.go:848.73,849.47 1 0
github.com/ibreakthecloud/traintkt/pkg/proto/ticket.pb.go:850.11,851.20 1 0
github.com/ibreakthecloud/traintkt/pkg/proto/ticket.pb.go:852.11,853.24 1 0
github.com/ibreakthecloud/traintkt/pkg/proto/ticket.pb.go:854.11,855.28 1 0
github.com/ibreakthecloud/traintkt/pkg/proto/ticket.pb.go:856.12,857.15 1 0
github.com/ibreakthecloud/traintkt/pkg/proto/ticket.pb.go:860.3,860.73 1 0
github.com/ibreakthecloud/traintkt/pkg/proto/ticket.pb.go:860.73,861.39 1 0
github.com/ibreakthecloud/traintkt/pkg/proto/ticket.pb.go:862.11,863.20 1 0
github.com/ibreakthecloud/traintkt/pkg/proto/ticket.pb.go:864.11,865.24 1 0
github.com/ibreakthecloud/traintkt/pkg/proto/ticket.pb.go:866.11,867.28 1 0
github.com/ibreakthecloud/traintkt/pkg/proto/ticket.pb.go:868.12,869.15 1 0
github.com/ibreakthecloud/traintkt/pkg/proto/ticket.pb.go:872.3,872.73 1 0
github.com/ibreakthecloud/traintkt/pkg/proto/ticket.pb.go:872.73,873.42 1 0
github.com/ibreakthecloud/traintkt/pkg/proto/ticket.pb.go:874.11,875.20 1 0
github.com/ibreakthecloud/traintkt/pkg/proto/ticket.pb.go:876.11,877.24 1 0
github.com/ibreakthecloud/traintkt/pkg/proto/ticket.pb.go:878.11,879.28 1 0
github.com/ibreakthecloud/traintkt/pkg/proto/ticket.pb.go:880.12,881.15 1 0
github.com/ibreakthecloud/traintkt/pkg/proto/ticket.pb.go:884.3,884.73 1 0
github.com/ibreakthecloud/traintkt/pkg/proto/ticket.pb.go:884.73,885.43 1 0
github.com/ibreakthecloud/traintkt/pkg/proto/ticket.pb.go:886.11,887.20 1 0
github.com/ibreakthecloud/traintkt/pkg/proto/ticket.pb.go:888.11,889.24 1 0
github.com/ibreakthecloud/traintkt/pkg/proto/ticket.pb.go:890.11,891.28 1 0
github.com/ibreakthecloud/traintkt/pkg/proto/ticket.pb.go:892.12,893.15 1 0
github.com/ibreakthecloud/traintkt/pkg/proto/ticket.pb.go:896.3,896.73 1 0
github.com/ibreakthecloud/traintkt/pkg/proto/ticket.pb.go:896.73,897.42 1 0
github.com/ibreakthecloud/traintkt/pkg/proto/ticket.pb.go:898.11,899.20 1 0
github.com/ibreakthecloud/traintkt/pkg/proto/ticket.pb.go:900.11,901.24 1 0
github.com/ibreakthecloud/traintkt/pkg/proto/ticket.pb.go:902.11,903.28 1 0
github.com/ibreakthecloud/traintkt/pkg/proto/ticket.pb.go:904.12,905.15 1 0
github.com/ibreakthecloud/traintkt/pkg/proto/ticket.pb.go:908.3,908.74 1 0
github.com/ibreakthecloud/traintkt/pkg/proto/ticket.pb.go:908.74,909.43 1 0
github.com/ibreakthecloud/traintkt/pkg/proto/ticket.pb.go:910.11,911.20 1 0
github.com/ibreakthecloud/traintkt/pkg/proto/ticket.pb.go:912.11,913.24 1 0
github.com/ibreakthecloud/traintkt/pkg/proto/ticket.pb.go:914.11,915.28 1 0
github.com/ibreakthecloud/traintkt/pkg/proto/ticket.pb.go:916.12,917.15 1 0
github.com/ibreakthecloud/traintkt/pkg/proto/ticket.pb.go:921.2,938.39 6 0
github.com/ibreakthecloud/traintkt/pkg/proto/ticket_grpc.pb.go:44.78,46.2 1 0
github.com/ibreakthecloud/traintkt/pkg/proto/ticket_grpc.pb.go:48.137,52.16 4 0
github.com/ibreakthecloud/traintkt/pkg/proto/ticket_grpc.pb.go:52.16,54.3 1 0
github.com/ibreakthecloud/traintkt/pkg/proto/ticket_grpc.pb.go:55.2,55.17 1 0
github.com/ibreakthecloud/traintkt/pkg/proto/ticket_grpc.pb.go:58.129,62.16 4 0
github.com/ibreakthecloud/traintkt/pkg/proto/ticket_grpc.pb.go:62.16,64.3 1 0
github.com/ibreakthecloud/traintkt/pkg/proto/ticket_grpc.pb.go:65.2,65.17 1 0
github.com/ibreakthecloud/traintkt/pkg/proto/ticket_grpc.pb.go:68.160,72.16 4 0
github.com/ibreakthecloud/traintkt/pkg/proto/ticket_grpc.pb.go:72.16,74.3 1 0
github.com/ibreakthecloud/traintkt/pkg/proto/ticket_grpc.pb.go:75.2,75.17 1 0
github.com/ibreakthecloud/traintkt/pkg/proto/ticket_grpc.pb.go:78.140,82.16 4 0
github.com/ibreakthecloud/traintkt/pkg/proto/ticket_grpc.pb.go:82.16,84.3 1 0
github.com/ibreakthecloud/traintkt/pkg/proto/ticket_grpc.pb.go:85.2,85.17 1 0
github.com/ibreakthecloud/traintkt/pkg/proto/ticket_grpc.pb.go:88.140,92.16 4 0
github.com/ibreakthecloud/traintkt/pkg/proto/ticket_grpc.pb.go:92.16,94.3 1 0
github.com/ibreakthecloud/traintkt/pkg/proto/ticket_grpc.pb.go:95.2,95.17 1 0
github.com/ibreakthecloud/traintkt/pkg/proto/ticket_grpc.pb.go:117.115,119.2 1 0
github.com/ibreakthecloud/traintkt/pkg/proto/ticket_grpc.pb.go:120.107,122.2 1 0
github.com/ibreakthecloud/traintkt/pkg/proto/ticket_grpc.pb.go:123.138,125.2 1 0
github.com/ibreakthecloud/traintkt/pkg/proto/ticket_grpc.pb.go:126.118,128.2 1 0
github.com/ibreakthecloud/traintkt/pkg/proto/ticket_grpc.pb.go:129.118,131.2 1 0
github.com/ibreakthecloud/traintkt/pkg/proto/ticket_grpc.pb.go:132.86,132.87 0 0
github.com/ibreakthecloud/traintkt/pkg/proto/ticket_grpc.pb.go:133.86,133.87 0 0
github.com/ibreakthecloud/traintkt/pkg/proto/ticket_grpc.pb.go:142.84,147.59 1 0
github.com/ibreakthecloud/traintkt/pkg/proto/ticket_grpc.pb.go:147.59,149.3 1 0
github.com/ibreakthecloud/traintkt/pkg/proto/ticket_grpc.pb.go:150.2,150.52 1 0
github.com/ibreakthecloud/traintkt/pkg/proto/ticket_grpc.pb.go:153.173,155.32 2 0
github.com/ibreakthecloud/traintkt/pkg/proto/ticket_grpc.pb.go:155.32,157.3 1 0
github.com/ibreakthecloud/traintkt/pkg/proto/ticket_grpc.pb.go:158.2,158.24 1 0
github.com/ibreakthecloud/traintkt/pkg/proto/ticket_grpc.pb.go:158.24,160.3 1 0
github.com/ibreakthecloud/traintkt/pkg/proto/ticket_grpc.pb.go:161.2,165.77 2 0
github.com/ibreakthecloud/traintkt/pkg/proto/ticket_grpc.pb.go:165.77,167.3 1 0
github.com/ibreakthecloud/traintkt/pkg/proto/ticket_grpc.pb.go:168.2,168.44 1 0
github.com/ibreakthecloud/traintkt/pkg/proto/ticket_grpc.pb.go:171.169,173.32 2 0
github.com/ibreakthecloud/traintkt/pkg/proto/ticket_grpc.pb.go:173.32,175.3 1 0
github.com/ibreakthecloud/traintkt/pkg/proto/ticket_grpc.pb.go:176.2,176.24 1 0
github.com/ibreakthecloud/traintkt/pkg/proto/ticket_grpc.pb.go:176.24,178.3 1 0
github.com/ibreakthecloud/traintkt/pkg/proto/ticket_grpc.pb.go:179.2,183.77 2 0
github.com/ibreakthecloud/traintkt/pkg/proto/ticket_grpc.pb.go:183.77,185.3 1 0
github.com/ibreakthecloud/traintkt/pkg/proto/ticket_grpc.pb.go:186.2,186.44 1 0
github.com/ibreakthecloud/traintkt/pkg/proto/ticket_grpc.pb.go:189.177,191.32 2 0
github.com/ibreakthecloud/traintkt/pkg/proto/ticket_grpc.pb.go:191.32,193.3 1 0
github.com/ibreakthecloud/traintkt/pkg/proto/ticket_grpc.pb.go:194.2,194.24 1 0
github.com/ibreakthecloud/traintkt/pkg/proto/ticket_grpc.pb.go:194.24,196.3 1 0
github.com/ibreakthecloud/traintkt/pkg/proto/ticket_grpc.pb.go:197.2,201.77 2 0
github.com/ibreakthecloud/traintkt/pkg/proto/ticket_grpc.pb.go:201.77,203.3 1 0
github.com/ibreakthecloud/traintkt/pkg/proto/ticket_grpc.pb.go:204.2,204.44 1 0
github.com/ibreakthecloud/traintkt/pkg/proto/ticket_grpc.pb.go:207.169,209.32 2 0
github.com/ibreakthecloud/traintkt/pkg/proto/ticket_grpc.pb.go:209.32,211.3 1 0
github.com/ibreakthecloud/traintkt/pkg/proto/ticket_grpc.pb.go:212.2,212.24 1 0
github.com/ibreakthecloud/traintkt/pkg/proto/ticket_grpc.pb.go:212.24,214.3 1 0
github.com/ibreakthecloud/traintkt/pkg/proto/ticket_grpc.pb.go:215.2,219.77 2 0
github.com/ibreakthecloud/traintkt/pkg/proto/ticket_grpc.pb.go:219.77,221.3 1 0
github.com/ibreakthecloud/traintkt/pkg/proto/ticket_grpc.pb.go:222.2,222.44 1 0
github.com/ibreakthecloud/traintkt/pkg/proto/ticket_grpc.pb.go:225.169,227.32 2 0
github.com/ibreakthecloud/traintkt/pkg/proto/ticket_grpc.pb.go:227.32,229.3 1 0
github.com/ibreakthecloud/traintkt/pkg/proto/ticket_grpc.pb.go:230.2,230.24 1 0
github.com/ibreakthecloud/traintkt/pkg/proto/ticket_grpc.pb.go:230.24,232.3 1 0
github.com/ibreakthecloud/traintkt/pkg/proto/ticket_grpc.pb.go:233.2,237.77 2 0
github.com/ibreakthecloud/traintkt/pkg/proto/ticket_grpc.pb.go:237.77,239.3 1 0
github.com/ibreakthecloud/traintkt/pkg/proto/ticket_grpc.pb.go:240.2,240.44 1 0
github.com/ibreakthecloud/traintkt/pkg/proto/ticket.pb.go:33.24,35.29 2 0
github.com/ibreakthecloud/traintkt/pkg/proto/ticket.pb.go:35.29,39.3 3 0
github.com/ibreakthecloud/traintkt/pkg/proto/ticket.pb.go:42.32,44.2 1 0
github.com/ibreakthecloud/traintkt/pkg/proto/ticket.pb.go:46.30,46.31 0 0
github.com/ibreakthecloud/traintkt/pkg/proto/ticket.pb.go:48.52,50.41 2 0
github.com/ibreakthecloud/traintkt/pkg/proto/ticket.pb.go:50.41,52.34 2 0
github.com/ibreakthecloud/traintkt/pkg/proto/ticket.pb.go:52.34,54.4 1 0
github.com/ibreakthecloud/traintkt/pkg/proto/ticket.pb.go:55.3,55.12 1 0
github.com/ibreakthecloud/traintkt/pkg/proto/ticket.pb.go:57.2,57.24 1 0
github.com/ibreakthecloud/traintkt/pkg/proto/ticket.pb.go:61.43,63.2 1 0
github.com/ibreakthecloud/traintkt/pkg/proto/ticket.pb.go:65.38,66.14 1 0
github.com/ibreakthecloud/traintkt/pkg/proto/ticket.pb.go:66.14,68.3 1 0
github.com/ibreakthecloud/traintkt/pkg/proto/ticket.pb.go:69.2,69.11 1 0
github.com/ibreakthecloud/traintkt/pkg/proto/ticket.pb.go:72.37,73.14 1 0
github.com/ibreakthecloud/traintkt/pkg/proto/ticket.pb.go:73.14,75.3 1 0
github.com/ibreakthecloud/traintkt/pkg/proto/ticket.pb.go:76.2,76.11 1 0
github.com/ibreakthecloud/traintkt/pkg/proto/ticket.pb.go:79.34,80.14 1 0
github.com/ibreakthecloud/traintkt/pkg/proto/ticket.pb.go:80.14,82.3 1 0
github.com/ibreakthecloud/traintkt/pkg/proto/ticket.pb.go:83.2,83.11 1 0
github.com/ibreakthecloud/traintkt/pkg/proto/ticket.pb.go:97.41,99.29 2 0
github.com/ibreakthecloud/traintkt/pkg/proto/ticket.pb.go:99.29,103.3 3 0
github.com/ibreakthecloud/traintkt/pkg/proto/ticket.pb.go:106.49,108.2 1 0
github.com/ibreakthecloud/traintkt/pkg/proto/ticket.pb.go:110.47,110.48 0 0
github.com/ibreakthecloud/traintkt/pkg/proto/ticket.pb.go:112.69,114.41 2 0
github.com/ibreakthecloud/traintkt/pkg/proto/ticket.pb.go:114.41,116.34 2 0
github.com/ibreakthecloud/traintkt/pkg/proto/ticket.pb.go:116.34,118.4 1 0
github.com/ibreakthecloud/traintkt/pkg/proto/ticket.pb.go:119.3,119.12 1 0
github.com/ibreakthecloud/traintkt/pkg/proto/ticket.pb.go:121.2,121.24 1 0
github.com/ibreakthecloud/traintkt/pkg/proto/ticket.pb.go:125.60,127.2 1 0
github.com/ibreakthecloud/traintkt/pkg/proto/ticket.pb.go:129.50,130.14 1 0
github.com/ibreakthecloud/traintkt/pkg/proto/ticket.pb.go:130.14,132.3 1 0
github.com/ibreakthecloud/traintkt/pkg/proto/ticket.pb.go:133.2,133.11 1 0
github.com/ibreakthecloud/traintkt/pkg/proto/ticket.pb.go:136.48,137.14 1 0
github.com/ibreakthecloud/traintkt/pkg/proto/ticket.pb.go:137.14,139.3 1 0
github.com/ibreakthecloud/traintkt/pkg/proto/ticket.pb.go:140.2,140.11 1 0
github.com/ibreakthecloud/traintkt/pkg/proto/ticket.pb.go:143.49,144.14 1 0
github.com/ibreakthecloud/traintkt/pkg/proto/ticket.pb.go:144.14,146.3 1 0
github.com/ibreakthecloud/traintkt/pkg/proto/ticket.pb.go:147.2,147.12 1 0
github.com/ibreakthecloud/traintkt/pkg/proto/ticket.pb.go:150.52,151.14 1 0
github.com/ibreakthecloud/traintkt/pkg/proto/ticket.pb.go:151.14,153.3 1 0
github.com/ibreakthecloud/traintkt/pkg/proto/ticket.pb.go:154.2,154.10 1 0
github.com/ibreakthecloud/traintkt/pkg/proto/ticket.pb.go:170.27,172.29 2 0
github.com/ibreakthecloud/traintkt/pkg/proto/ticket.pb.go:172.29,176.3 3 0
github.com/ibreakthecloud/traintkt/pkg/proto/ticket.pb.go:179.35,181.2 1 0
github.com/ibreakthecloud/traintkt/pkg/proto/ticket.pb.go:183.33,183.34 0 0
github.com/ibreakthecloud/traintkt/pkg/proto/ticket.pb.go:185.55,187.41 2 0
github.com/ibreakthecloud/traintkt/pkg/proto/ticket.pb.go:187.41,189.34 2 0
github.com/ibreakthecloud/traintkt/pkg/proto/ticket.pb.go:189.34,191.4 1 0
github.com/ibreakthecloud/traintkt/pkg/proto/ticket.pb.go:192.3,192.12 1 0
github.com/ibreakthecloud/traintkt/pkg/proto/ticket.pb.go:194.2,194.24 1 0
github.com/ibreakthecloud/traintkt/pkg/proto/ticket.pb.go:198.46,200.2 1 0
github.com/ibreakthecloud/traintkt/pkg/proto/ticket.pb.go:202.34,203.14 1 0
github.com/ibreakthecloud/traintkt/pkg/proto/ticket.pb.go:203.14,205.3 1 0
github.com/ibreakthecloud/traintkt/pkg/proto/ticket.pb.go:206.2,206.11 1 0
github.com/ibreakthecloud/traintkt/pkg/proto/ticket.pb.go:209.36,210.14 1 0
github.com/ibreakthecloud/traintkt/pkg/proto/ticket.pb.go:210.14,212.3 1 0
github.com/ibreakthecloud/traintkt/pkg/proto/ticket.pb.go:213.2,213.11 1 0
github.com/ibreakthecloud/traintkt/pkg/proto/ticket.pb.go:216.34,217.14 1 0
github.com/ibreakthecloud/traintkt/pkg/proto/ticket.pb.go:217.14,219.3 1 0
github.com/ibreakthecloud/traintkt/pkg/proto/ticket.pb.go:220.2,220.11 1 0
github.com/ibreakthecloud/traintkt/pkg/proto/ticket.pb.go:223.35,224.14 1 0
github.com/ibreakthecloud/traintkt/pkg/proto/ticket.pb.go:224.14,226.3 1 0
github.com/ibreakthecloud/traintkt/pkg/proto/ticket.pb.go:227.2,227.12 1 0
github.com/ibreakthecloud/traintkt/pkg/proto/ticket.pb.go:230.38,231.14 1 0
github.com/ibreakthecloud/traintkt/pkg/proto/ticket.pb.go:231.14,233.3 1 0
github.com/ibreakthecloud/traintkt/pkg/proto/ticket.pb.go:234.2,234.10 1 0
github.com/ibreakthecloud/traintkt/pkg/proto/ticket.pb.go:237.36,238.14 1 0
github.com/ibreakthecloud/traintkt/pkg/proto/ticket.pb.go:238.14,240.3 1 0
github.com/ibreakthecloud/traintkt/pkg/proto/ticket.pb.go:241.2,241.11 1 0
github.com/ibreakthecloud/traintkt/pkg/proto/ticket.pb.go:252.37,254.29 2 0
github.com/ibreakthecloud/traintkt/pkg/proto/ticket.pb.go:254.29,258.3 3 0
github.com/ibreakthecloud/traintkt/pkg/proto/ticket.pb.go:261.45,263.2 1 0
github.com/ibreakthecloud/traintkt/pkg/proto/ticket.pb.go:265.43,265.44 0 0
github.com/ibreakthecloud/traintkt/pkg/proto/ticket.pb.go:267.65,269.41 2 0
github.com/ibreakthecloud/traintkt/pkg/proto/ticket.pb.go:269.41,271.34 2 0
github.com/ibreakthecloud/traintkt/pkg/proto/ticket.pb.go:271.34,273.4 1 0
github.com/ibreakthecloud/traintkt/pkg/proto/ticket.pb.go:274.3,274.12 1 0
github.com/ibreakthecloud/traintkt/pkg/proto/ticket.pb.go:276.2,276.24 1 0
github.com/ibreakthecloud/traintkt/pkg/proto/ticket.pb.go:280.56,282.2 1 0
github.com/ibreakthecloud/traintkt/pkg/proto/ticket.pb.go:284.44,285.14 1 0
github.com/ibreakthecloud/traintkt/pkg/proto/ticket.pb.go:285.14,287.3 1 0
github.com/ibreakthecloud/traintkt/pkg/proto/ticket.pb.go:288.2,288.11 1 0
github.com/ibreakthecloud/traintkt/pkg/proto/ticket.pb.go:299.45,301.29 2 0
github.com/ibreakthecloud/traintkt/pkg/proto/ticket.pb.go:301.29,305.3 3 0
github.com/ibreakthecloud/traintkt/pkg/proto/ticket.pb.go:308.53,310.2 1 0
github.com/ibreakthecloud/traintkt/pkg/proto/ticket.pb.go:312.51,312.52 0 0
github.com/ibreakthecloud/traintkt/pkg/proto/ticket.pb.go:314.73,316.41 2 0
github.com/ibreakthecloud/traintkt/pkg/proto/ticket.pb.go:316.41,318.34 2 0
github.com/ibreakthecloud/traintkt/pkg/proto/ticket.pb.go:318.34,320.4 1 0
github.com/ibreakthecloud/traintkt/pkg/proto/ticket.pb.go:321.3,321.12 1 0
github.com/ibreakthecloud/traintkt/pkg/proto/ticket.pb.go:323.2,323.24 1 0
github.com/ibreakthecloud/traintkt/pkg/proto/ticket.pb.go:327.64,329.2 1 0
github.com/ibreakthecloud/traintkt/pkg/proto/ticket.pb.go:331.57,332.14 1 0
github.com/ibreakthecloud/traintkt/pkg/proto/ticket.pb.go:332.14,334.3 1 0
github.com/ibreakthecloud/traintkt/pkg/proto/ticket.pb.go:335.2,335.11 1 0
github.com/ibreakthecloud/traintkt/pkg/proto/ticket.pb.go:346.42,348.29 2 0
github.com/ibreakthecloud/traintkt/pkg/proto/ticket.pb.go:348.29,352.3 3 0
github.com/ibreakthecloud/traintkt/pkg/proto/ticket.pb.go:355.50,357.2 1 0
github.com/ibreakthecloud/traintkt/pkg/proto/ticket.pb.go:359.48,359.49 0 0
github.com/ibreakthecloud/traintkt/pkg/proto/ticket.pb.go:361.70,363.41 2 0
github.com/ibreakthecloud/traintkt/pkg/proto/ticket.pb.go:363.41,365.34 2 0
github.com/ibreakthecloud/traintkt/pkg/proto/ticket.pb.go:365.34,367.4 1 0
github.com/ibreakthecloud/traintkt/pkg/proto/ticket.pb.go:368.3,368.12 1 0
github.com/ibreakthecloud/traintkt/pkg/proto/ticket.pb.go:370.2,370.24 1 0
github.com/ibreakthecloud/traintkt/pkg/proto/ticket.pb.go:374.61,376.2 1 0
github.com/ibreakthecloud/traintkt/pkg/proto/ticket.pb.go:378.69,379.14 1 0
github.com/ibreakthecloud/traintkt/pkg/proto/ticket.pb.go:379.14,381.3 1 0
github.com/ibreakthecloud/traintkt/pkg/proto/ticket.pb.go:382.2,382.12 1 0
github.com/ibreakthecloud/traintkt/pkg/proto/ticket.pb.go:394.34,396.29 2 0
github.com/ibreakthecloud/traintkt/pkg/proto/ticket.pb.go:396.29,400.3 3 0
github.com/ibreakthecloud/traintkt/pkg/proto/ticket.pb.go:403.42,405.2 1 0
github.com/ibreakthecloud/traintkt/pkg/proto/ticket.pb.go:407.40,407.41 0 0
github.com/ibreakthecloud/traintkt/pkg/proto/ticket.pb.go:409.62,411.41 2 0
github.com/ibreakthecloud/traintkt/pkg/proto/ticket.pb.go:411.41,413.34 2 0
github.com/ibreakthecloud/traintkt/pkg/proto/ticket.pb.go:413.34,415.4 1 0
github.com/ibreakthecloud/traintkt/pkg/proto/ticket.pb.go:416.3,416.12 1 0
github.com/ibreakthecloud/traintkt/pkg/proto/ticket.pb.go:418.2,418.24 1 0
github.com/ibreakthecloud/traintkt/pkg/proto/ticket.pb.go:422.53,424.2 1 0
github.com/ibreakthecloud/traintkt/pkg/proto/ticket.pb.go:426.43,427.14 1 0
github.com/ibreakthecloud/traintkt/pkg/proto/ticket.pb.go:427.14,429.3 1 0
github.com/ibreakthecloud/traintkt/pkg/proto/ticket.pb.go:430.2,430.11 1 0
github.com/ibreakthecloud/traintkt/pkg/proto/ticket.pb.go:433.42,434.14 1 0
github.com/ibreakthecloud/traintkt/pkg/proto/ticket.pb.go:434.14,436.3 1 0
github.com/ibreakthecloud/traintkt/pkg/proto/ticket.pb.go:437.2,437.12 1 0
github.com/ibreakthecloud/traintkt/pkg/proto/ticket.pb.go:448.37,450.29 2 0
github.com/ibreakthecloud/traintkt/pkg/proto/ticket.pb.go:450.29,454.3 3 0
github.com/ibreakthecloud/traintkt/pkg/proto/ticket.pb.go:457.45,459.2 1 0
github.com/ibreakthecloud/traintkt/pkg/proto/ticket.pb.go:461.43,461.44 0 0
github.com/ibreakthecloud/traintkt/pkg/proto/ticket.pb.go:463.65,465.41 2 0
github.com/ibreakthecloud/traintkt/pkg/proto/ticket.pb.go:465.41,467.34 2 0
github.com/ibreakthecloud/traintkt/pkg/proto/ticket.pb.go:467.34,469.4 1 0
github.com/ibreakthecloud/traintkt/pkg/proto/ticket.pb.go:470.3,470.12 1 0
github.com/ibreakthecloud/traintkt/pkg/proto/ticket.pb.go:472.2,472.24 1 0
github.com/ibreakthecloud/traintkt/pkg/proto/ticket.pb.go:476.56,478.2 1 0
github.com/ibreakthecloud/traintkt/pkg/proto/ticket.pb.go:480.44,481.14 1 0
github.com/ibreakthecloud/traintkt/pkg/proto/ticket.pb.go:481.14,483.3 1 0
github.com/ibreakthecloud/traintkt/pkg/proto/ticket.pb.go:484.2,484.11 1 0
github.com/ibreakthecloud/traintkt/pkg/proto/ticket.pb.go:495.38,497.29 2 0
github.com/ibreakthecloud/traintkt/pkg/proto/ticket.pb.go:497.29,501.3 3 0
github.com/ibreakthecloud/traintkt/pkg/proto/ticket.pb.go:504.46,506.2 1 0
github.com/ibreakthecloud/traintkt/pkg/proto/ticket.pb.go:508.44,508.45 0 0
github.com/ibreakthecloud/traintkt/pkg/proto/ticket.pb.go:510.66,512.41 2 0
github.com/ibreakthecloud/traintkt/pkg/proto/ticket.pb.go:512.41,514.34 2 0
github.com/ibreakthecloud/traintkt/pkg/proto/ticket.pb.go:514.34,516.4 1 0
github.com/ibreakthecloud/traintkt/pkg/proto/ticket.pb.go:517.3,517.12 1 0
github.com/ibreakthecloud/traintkt/pkg/proto/ticket.pb.go:519.2,519.24 1 0
github.com/ibreakthecloud/traintkt/pkg/proto/ticket.pb.go:523.57,525.2 1 0
github.com/ibreakthecloud/traintkt/pkg/proto/ticket.pb.go:527.48,528.14 1 0
github.com/ibreakthecloud/traintkt/pkg/proto/ticket.pb.go:528.14,530.3 1 0
github.com/ibreakthecloud/traintkt/pkg/proto/ticket.pb.go:531.2,531.14 1 0
github.com/ibreakthecloud/traintkt/pkg/proto/ticket.pb.go:543.37,545.29 2 0
github.com/ibreakthecloud/traintkt/pkg/proto/ticket.pb.go:545.29,549.3 3 0
github.com/ibreakthecloud/traintkt/pkg/proto/ticket.pb.go:552.45,554.2 1 0
github.com/ibreakthecloud/traintkt/pkg/proto/ticket.pb.go:556.43,556.44 0 0
github.com/ibreakthecloud/traintkt/pkg/proto/ticket.pb.go:558.65,560.41 2 0
github.com/ibreakthecloud/traintkt/pkg/proto/ticket.pb.go:560.41,562.34 2 0
github.com/ibreakthecloud/traintkt/pkg/proto/ticket.pb.go:562.34,564.4 1 0
github.com/ibreakthecloud/traintkt/pkg/proto/ticket.pb.go:565.3,565.12 1 0
github.com/ibreakthecloud/traintkt/pkg/proto/ticket.pb.go:567.2,567.24 1 0
github.com/ibreakthecloud/traintkt/pkg/proto/ticket.pb.go:571.56,573.2 1 0
github.com/ibreakthecloud/traintkt/pkg/proto/ticket.pb.go:575.44,576.14 1 0
github.com/ibreakthecloud/traintkt/pkg/proto/ticket.pb.go:576.14,578.3 1 0
github.com/ibreakthecloud/traintkt/pkg/proto/ticket.pb.go:579.2,579.11 1 0
github.com/ibreakthecloud/traintkt/pkg/proto/ticket.pb.go:582.49,583.14 1 0
github.com/ibreakthecloud/traintkt/pkg/proto/ticket.pb.go:583.14,585.3 1 0
github.com/ibreakthecloud/traintkt/pkg/proto/ticket.pb.go:586.2,586.11 1 0
github.com/ibreakthecloud/traintkt/pkg/proto/ticket.pb.go:598.38,600.29 2 0
github.com/ibreakthecloud/traintkt/pkg/proto/ticket.pb.go:600.29,604.3 3 0
github.com/ibreakthecloud/traintkt/pkg/proto/ticket.pb.go:607.46,609.2 1 0
github.com/ibreakthecloud/traintkt/pkg/proto/ticket.pb.go:611.44,611.45 0 0
github.com/ibreakthecloud/traintkt/pkg/proto/ticket.pb.go:613.66,615.41 2 0
github.com/ibreakthecloud/traintkt/pkg/proto/ticket.pb.go:615.41,617.34 2 0
github.com/ibreakthecloud/traintkt/pkg/proto/ticket.pb.go:617.34,619.4 1 0
github.com/ibreakthecloud/traintkt/pkg/proto/ticket.pb.go:620.3,620.12 1 0
github.com/ibreakthecloud/traintkt/pkg/proto/ticket.pb.go:622.2,622.24 1 0
github.com/ibreakthecloud/traintkt/pkg/proto/ticket.pb.go:626.57,628.2 1 0
github.com/ibreakthecloud/traintkt/pkg/proto/ticket.pb.go:630.48,631.14 1 0
github.com/ibreakthecloud/traintkt/pkg/proto/ticket.pb.go:631.14,633.3 1 0
github.com/ibreakthecloud/traintkt/pkg/proto/ticket.pb.go:634.2,634.14 1 0
github.com/ibreakthecloud/traintkt/pkg/proto/ticket.pb.go:637.50,638.14 1 0
github.com/ibreakthecloud/traintkt/pkg/proto/ticket.pb.go:638.14,640.3 1 0
github.com/ibreakthecloud/traintkt/pkg/proto/ticket.pb.go:641.2,641.11 1 0
github.com/ibreakthecloud/traintkt/pkg/proto/ticket.pb.go:739.51,740.48 1 0
github.com/ibreakthecloud/traintkt/pkg/proto/ticket.pb.go:740.48,742.3 1 0
github.com/ibreakthecloud/traintkt/pkg/proto/ticket.pb.go:743.2,743.44 1 0
github.com/ibreakthecloud/traintkt/pkg/proto/ticket.pb.go:782.13,782.47 1 1
github.com/ibreakthecloud/traintkt/pkg/proto/ticket.pb.go:783.37,784.36 1 1
github.com/ibreakthecloud/traintkt/pkg/proto/ticket.pb.go:784.36,786.3 1 0
github.com/ibreakthecloud/traintkt/pkg/proto/ticket.pb.go:787.2,787.30 1 1
github.com/ibreakthecloud/traintkt/pkg/proto/ticket.pb.go:787.30,788.73 1 0
github.com/ibreakthecloud/traintkt/pkg/proto/ticket.pb.go:788.73,789.29 1 0
github.com/ibreakthecloud/traintkt/pkg/proto/ticket.pb.go:790.11,791.20 1 0
github.com/ibreakthecloud/traintkt/pkg/proto/ticket.pb.go:792.11,793.24 1 0
github.com/ibreakthecloud/traintkt/pkg/proto/ticket.pb.go:794.11,795.28 1 0
github.com/ibreakthecloud/traintkt/pkg/proto/ticket.pb.go:796.12,797.15 1 0
github.com/ibreakthecloud/traintkt/pkg/proto/ticket.pb.go:800.3,800.73 1 0
github.com/ibreakthecloud/traintkt/pkg/proto/ticket.pb.go:800.73,801.46 1 0
github.com/ibreakthecloud/traintkt/pkg/proto/ticket.pb.go:802.11,803.20 1 0
github.com/ibreakthecloud/traintkt/pkg/proto/ticket.pb.go:804.11,805.24 1 0
github.com/ibreakthecloud/traintkt/pkg/proto/ticket.pb.go:806.11,807.28 1 0
github.com/ibreakthecloud/traintkt/pkg/proto/ticket.pb.go:808.12,809.15 1 0
github.com/ibreakthecloud/traintkt/pkg/proto/ticket.pb.go:812.3,812.73 1 0
github.com/ibreakthecloud/traintkt/pkg/proto/ticket.pb.go:812.73,813.32 1 0
github.com/ibreakthecloud/traintkt/pkg/proto/ticket.pb.go:814.11,815.20 1 0
github.com/ibreakthecloud/traintkt/pkg/proto/ticket.pb.go:816.11,817.24 1 0
github.com/ibreakthecloud/traintkt/pkg/proto/ticket.pb.go:818.11,819.28 1 0
github.com/ibreakthecloud/traintkt/pkg/proto/ticket.pb.go:820.12,821.15 1 0
github.com/ibreakthecloud/traintkt/pkg/proto/ticket.pb.go:824.3,824.73 1 0
github.com/ibreakthecloud/traintkt/pkg/proto/ticket.pb.go:824.73,825.42 1 0
github.com/ibreakthecloud/traintkt/pkg/proto/ticket.pb.go:826.11,827.20 1 0
github.com/ibreakthecloud/traintkt/pkg/proto/ticket.pb.go:828.11,829.24 1 0
github.com/ibreakthecloud/traintkt/pkg/proto/ticket.pb.go:830.11,831.28 1 0
github.com/ibreakthecloud/traintkt/pkg/proto/ticket.pb.go:832.12,833.15 1 0
github.com/ibreakthecloud/traintkt/pkg/proto/ticket.pb.go:836.3,836.73 1 0
github.com/ibreakthecloud/traintkt/pkg/proto/ticket.pb.go:836.73,837.50 1 0
github.com/ibreakthecloud/traintkt/pkg/proto/ticket.pb.go:838.11,839.20 1 0
github.com/ibreakthecloud/traintkt/pkg/proto/ticket.pb.go:840.11,841.24 1 0
github.com/ibreakthecloud/traintkt/pkg/proto/ticket.pb.go:842.11,843.28 1 0
github.com/ibreakthecloud/traintkt/pkg/proto/ticket.pb.go:844.12,845.15 1 0
github.com/ibreakthecloud/traintkt/pkg/proto/ticket.pb.go:848.3,848.73 1 0
github.com/ibreakthecloud/traintkt/pkg/proto/ticket.pb.go:848.73,849.47 1 0
github.com/ibreakthecloud/traintkt/pkg/proto/ticket.pb.go:850.11,851.20 1 0
github.com/ibreakthecloud/traintkt/pkg/proto/ticket.pb.go:852.11,853.24 1 0
github.com/ibreakthecloud/traintkt/pkg/proto/ticket.pb.go:854.11,855.28 1 0
github.com/ibreakthecloud/traintkt/pkg/proto/ticket.pb.go:856.12,857.15 1 0
github.com/ibreakthecloud/traintkt/pkg/proto/ticket.pb.go:860.3,860.73 1 0
github.com/ibreakthecloud/traintkt/pkg/proto/ticket.pb.go:860.73,861.39 1 0
github.com/ibreakthecloud/traintkt/pkg/proto/ticket.pb.go:862.11,863.20 1 0
github.com/ibreakthecloud/traintkt/pkg/proto/ticket.pb.go:864.11,865.24 1 0
github.com/ibreakthecloud/traintkt/pkg/proto/ticket.pb.go:866.11,867.28 1 0
github.com/ibreakthecloud/traintkt/pkg/proto/ticket.pb.go:868.12,869.15 1 0
github.com/ibreakthecloud/traintkt/pkg/proto/ticket.pb.go:872.3,872.73 1 0
github.com/ibreakthecloud/traintkt/pkg/proto/ticket.pb.go:872.73,873.42 1 0
github.com/ibreakthecloud/traintkt/pkg/proto/ticket.pb.go:874.11,875.20 1 0
github.com/ibreakthecloud/traintkt/pkg/proto/ticket.pb.go:876.11,877.24 1 0
github.com/ibreakthecloud/traintkt/pkg/proto/ticket.pb.go:878.11,879.28 1 0
github.com/ibreakthecloud/traintkt/pkg/proto/ticket.pb.go:880.12,881.15 1 0
github.com/ibreakthecloud/traintkt/pkg/proto/ticket.pb.go:884.3,884.73 1 0
github.com/ibreakthecloud/traintkt/pkg/proto/ticket.pb.go:884.73,885.43 1 0
github.com/ibreakthecloud/traintkt/pkg/proto/ticket.pb.go:886.11,887.20 1 0
github.com/ibreakthecloud/traintkt/pkg/proto/ticket.pb.go:888.11,889.24 1 0
github.com/ibreakthecloud/traintkt/pkg/proto/ticket.pb.go:890.11,891.28 1 0
github.com/ibreakthecloud/traintkt/pkg/proto/ticket.pb.go:892.12,893.15 1 0
github.com/ibreakthecloud/traintkt/pkg/proto/ticket.pb.go:896.3,896.73 1 0
github.com/ibreakthecloud/traintkt/pkg/proto/ticket.pb.go:896.73,897.42 1 0
github.com/ibreakthecloud/traintkt/pkg/proto/ticket.pb.go:898.11,899.20 1 0
github.com/ibreakthecloud/traintkt/pkg/proto/ticket.pb.go:900.11,901.24 1 0
github.com/ibreakthecloud/traintkt/pkg/proto/ticket.pb.go:902.11,903.28 1 0
github.com/ibreakthecloud/traintkt/pkg/proto/ticket.pb.go:904.12,905.15 1 0
github.com/ibreakthecloud/traintkt/pkg/proto/ticket.pb.go:908.3,908.74 1 0
github.com/ibreakthecloud/traintkt/pkg/proto/ticket.pb.go:908.74,909.43 1 0
github.com/ibreakthecloud/traintkt/pkg/proto/ticket.pb.go:910.11,911.20 1 0
github.com/ibreakthecloud/traintkt/pkg/proto/ticket.pb.go:912.11,913.24 1 0
github.com/ibreakthecloud/traintkt/pkg/proto/ticket.pb.go:914.11,915.28 1 0
github.com/ibreakthecloud/traintkt/pkg/proto/ticket.pb.go:916.12,917.15 1 0
github.com/ibreakthecloud/traintkt/pkg/proto/ticket.pb.go:921.2,938.39 6 1
github.com/ibreakthecloud/traintkt/pkg/proto/ticket_grpc.pb.go:44.78,46.2 1 0
github.com/ibreakthecloud/traintkt/pkg/proto/ticket_grpc.pb.go:48.137,52.16 4 0
github.com/ibreakthecloud/traintkt/pkg/proto/ticket_grpc.pb.go:52.16,54.3 1 0
github.com/ibreakthecloud/traintkt/pkg/proto/ticket_grpc.pb.go:55.2,55.17 1 0
github.com/ibreakthecloud/traintkt/pkg/proto/ticket_grpc.pb.go:58.129,62.16 4 0
github.com/ibreakthecloud/traintkt/pkg/proto/ticket_grpc.pb.go:62.16,64.3 1 0
github.com/ibreakthecloud/traintkt/pkg/proto/ticket_grpc.pb.go:65.2,65.17 1 0
github.com/ibreakthecloud/traintkt/pkg/proto/ticket_grpc.pb.go:68.160,72.16 4 0
github.com/ibreakthecloud/traintkt/pkg/proto/ticket_grpc.pb.go:72.16,74.3 1 0
github.com/ibreakthecloud/traintkt/pkg/proto/ticket_grpc.pb.go:75.2,75.17 1 0
github.com/ibreakthecloud/traintkt/pkg/proto/ticket_grpc.pb.go:78.140,82.16 4 0
github.com/ibreakthecloud/traintkt/pkg/proto/ticket_grpc.pb.go:82.16,84.3 1 0
github.com/ibreakthecloud/traintkt/pkg/proto/ticket_grpc.pb.go:85.2,85.17 1 0
github.com/ibreakthecloud/traintkt/pkg/proto/ticket_grpc.pb.go:88.140,92.16 4 0
github.com/ibreakthecloud/traintkt/pkg/proto/ticket_grpc.pb.go:92.16,94.3 1 0
github.com/ibreakthecloud/traintkt/pkg/proto/ticket_grpc.pb.go:95.2,95.17 1 0
github.com/ibreakthecloud/traintkt/pkg/proto/ticket_grpc.pb.go:117.115,119.2 1 0
github.com/ibreakthecloud/traintkt/pkg/proto/ticket_grpc.pb.go:120.107,122.2 1 0
github.com/ibreakthecloud/traintkt/pkg/proto/ticket_grpc.pb.go:123.138,125.2 1 0
github.com/ibreakthecloud/traintkt/pkg/proto/ticket_grpc.pb.go:126.118,128.2 1 0
github.com/ibreakthecloud/traintkt/pkg/proto/ticket_grpc.pb.go:129.118,131.2 1 0
github.com/ibreakthecloud/traintkt/pkg/proto/ticket_grpc.pb.go:132.86,132.87 0 0
github.com/ibreakthecloud/traintkt/pkg/proto/ticket_grpc.pb.go:133.86,133.87 0 0
github.com/ibreakthecloud/traintkt/pkg/proto/ticket_grpc.pb.go:142.84,147.59 1 0
github.com/ibreakthecloud/traintkt/pkg/proto/ticket_grpc.pb.go:147.59,149.3 1 0
github.com/ibreakthecloud/traintkt/pkg/proto/ticket_grpc.pb.go:150.2,150.52 1 0
github.com/ibreakthecloud/traintkt/pkg/proto/ticket_grpc.pb.go:153.173,155.32 2 0
github.com/ibreakthecloud/traintkt/pkg/proto/ticket_grpc.pb.go:155.32,157.3 1 0
github.com/ibreakthecloud/traintkt/pkg/proto/ticket_grpc.pb.go:158.2,158.24 1 0
github.com/ibreakthecloud/traintkt/pkg/proto/ticket_grpc.pb.go:158.24,160.3 1 0
github.com/ibreakthecloud/traintkt/pkg/proto/ticket_grpc.pb.go:161.2,165.77 2 0
github.com/ibreakthecloud/traintkt/pkg/proto/ticket_grpc.pb.go:165.77,167.3 1 0
github.com/ibreakthecloud/traintkt/pkg/proto/ticket_grpc.pb.go:168.2,168.44 1 0
github.com/ibreakthecloud/traintkt/pkg/proto/ticket_grpc.pb.go:171.169,173.32 2 0
github.com/ibreakthecloud/traintkt/pkg/proto/ticket_grpc.pb.go:173.32,175.3 1 0
github.com/ibreakthecloud/traintkt/pkg/proto/ticket_grpc.pb.go:176.2,176.24 1 0
github.com/ibreakthecloud/traintkt/pkg/proto/ticket_grpc.pb.go:176.24,178.3 1 0
github.com/ibreakthecloud/traintkt/pkg/proto/ticket_grpc.pb.go:179.2,183.77 2 0
github.com/ibreakthecloud/traintkt/pkg/proto/ticket_grpc.pb.go:183.77,185.3 1 0
github.com/ibreakthecloud/traintkt/pkg/proto/ticket_grpc.pb.go:186.2,186.44 1 0
github.com/ibreakthecloud/traintkt/pkg/proto/ticket_grpc.pb.go:189.177,191.32 2 0
github.com/ibreakthecloud/traintkt/pkg/proto/ticket_grpc.pb.go:191.32,193.3 1 0
github.com/ibreakthecloud/traintkt/pkg/proto/ticket_grpc.pb.go:194.2,194.24 1 0
github.com/ibreakthecloud/traintkt/pkg/proto/ticket_grpc.pb.go:194.24,196.3 1 0
github.com/ibreakthecloud/traintkt/pkg/proto/ticket_grpc.pb.go:197.2,201.77 2 0
github.com/ibreakthecloud/traintkt/pkg/proto/ticket_grpc.pb.go:201.77,203.3 1 0
github.com/ibreakthecloud/traintkt/pkg/proto/ticket_grpc.pb.go:204.2,204.44 1 0
github.com/ibreakthecloud/traintkt/pkg/proto/ticket_grpc.pb.go:207.169,209.32 2 0
github.com/ibreakthecloud/traintkt/pkg/proto/ticket_grpc.pb.go:209.32,211.3 1 0
github.com/ibreakthecloud/traintkt/pkg/proto/ticket_grpc.pb.go:212.2,212.24 1 0
github.com/ibreakthecloud/traintkt/pkg/proto/ticket_grpc.pb.go:212.24,214.3 1 0
github.com/ibreakthecloud/traintkt/pkg/proto/ticket_grpc.pb.go:215.2,219.77 2 0
github.com/ibreakthecloud/traintkt/pkg/proto/ticket_grpc.pb.go:219.77,221.3 1 0
github.com/ibreakthecloud/traintkt/pkg/proto/ticket_grpc.pb.go:222.2,222.44 1 0
github.com/ibreakthecloud/traintkt/pkg/proto/ticket_grpc.pb.go:225.169,227.32 2 0
github.com/ibreakthecloud/traintkt/pkg/proto/ticket_grpc.pb.go:227.32,229.3 1 0
github.com/ibreakthecloud/traintkt/pkg/proto/ticket_grpc.pb.go:230.2,230.24 1 0
github.com/ibreakthecloud/traintkt/pkg/proto/ticket_grpc.pb.go:230.24,232.3 1 0
github.com/ibreakthecloud/traintkt/pkg/proto/ticket_grpc.pb.go:233.2,237.77 2 0
github.com/ibreakthecloud/traintkt/pkg/proto/ticket_grpc.pb.go:237.77,239.3 1 0
github.com/ibreakthecloud/traintkt/pkg/proto/ticket_grpc.pb.go:240.2,240.44 1 0
github.com/ibreakthecloud/traintkt/pkg/store/inmemory/inmemory.go:9.22,16.2 1 1
github.com/ibreakthecloud/traintkt/pkg/store/inmemory/inmemory.go:18.52,23.2 3 1
github.com/ibreakthecloud/traintkt/pkg/store/inmemory/inmemory.go:25.60,30.2 3 1
github.com/ibreakthecloud/traintkt/pkg/store/inmemory/inmemory.go:32.54,37.2 3 1
github.com/ibreakthecloud/traintkt/pkg/store/inmemory/inmemory.go:39.90,42.42 2 1
github.com/ibreakthecloud/traintkt/pkg/store/inmemory/inmemory.go:42.42,43.79 1 1
github.com/ibreakthecloud/traintkt/pkg/store/inmemory/inmemory.go:43.79,48.4 1 1
github.com/ibreakthecloud/traintkt/pkg/store/inmemory/inmemory.go:51.2,51.66 1 1
github.com/ibreakthecloud/traintkt/pkg/store/inmemory/inmemory.go:54.54,57.2 2 1
github.com/ibreakthecloud/traintkt/pkg/store/inmemory/inmemory.go:59.69,68.2 5 1
github.com/ibreakthecloud/traintkt/pkg/store/inmemory/inmemory.go:70.44,76.2 3 1
github.com/ibreakthecloud/traintkt/pkg/store/inmemory/inmemory.go:78.45,83.2 3 1
github.com/ibreakthecloud/traintkt/pkg/store/inmemory/inmemory.go:85.53,90.35 4 1
github.com/ibreakthecloud/traintkt/pkg/store/inmemory/inmemory.go:90.35,91.33 1 1
github.com/ibreakthecloud/traintkt/pkg/store/inmemory/inmemory.go:91.33,94.17 3 1
github.com/ibreakthecloud/traintkt/pkg/store/inmemory/inmemory.go:94.17,96.5 1 1
github.com/ibreakthecloud/traintkt/pkg/store/inmemory/inmemory.go:99.2,99.11 1 0
github.com/ibreakthecloud/traintkt/pkg/ticketservice/handler.go:12.112,18.16 5 1
github.com/ibreakthecloud/traintkt/pkg/ticketservice/handler.go:18.16,20.3 1 0
github.com/ibreakthecloud/traintkt/pkg/ticketservice/handler.go:22.2,34.21 4 1
github.com/ibreakthecloud/traintkt/pkg/ticketservice/handler.go:37.104,43.20 4 1
github.com/ibreakthecloud/traintkt/pkg/ticketservice/handler.go:43.20,45.3 1 1
github.com/ibreakthecloud/traintkt/pkg/ticketservice/handler.go:47.2,47.21 1 1
github.com/ibreakthecloud/traintkt/pkg/ticketservice/handler.go:50.135,55.2 3 1
github.com/ibreakthecloud/traintkt/pkg/ticketservice/handler.go:57.115,62.20 4 1
github.com/ibreakthecloud/traintkt/pkg/ticketservice/handler.go:62.20,64.3 1 0
github.com/ibreakthecloud/traintkt/pkg/ticketservice/handler.go:66.2,69.51 3 1
github.com/ibreakthecloud/traintkt/pkg/ticketservice/handler.go:72.115,77.20 4 1
github.com/ibreakthecloud/traintkt/pkg/ticketservice/handler.go:77.20,79.3 1 0
github.com/ibreakthecloud/traintkt/pkg/ticketservice/handler.go:81.2,81.43 1 1
github.com/ibreakthecloud/traintkt/pkg/ticketservice/handler.go:81.43,83.3 1 0
github.com/ibreakthecloud/traintkt/pkg/ticketservice/handler.go:85.2,90.73 4 1
github.com/ibreakthecloud/traintkt/pkg/ticketservice/ticket_service.go:10.55,14.2 1 1
